<?xml version="1.0" encoding="UTF-8"?>
<testng-results total="1" passed="1" failed="0" skipped="0">
  <reporter-output>
  </reporter-output>
  <suite started-at="2019-07-26T05:23:38Z" name="Suite" finished-at="2019-07-26T05:23:41Z" duration-ms="2966">
    <groups>
    </groups>
    <test started-at="2019-07-26T05:23:38Z" name="Test" finished-at="2019-07-26T05:23:41Z" duration-ms="2966">
      <class name="web_test.test3.App">
        <test-method signature="test()[pri:0, instance:web_test.test3.App@1a3869f4]" started-at="2019-07-26T00:23:38Z" name="test" finished-at="2019-07-26T00:23:41Z" duration-ms="2957" status="PASS">
          <reporter-output>
          </reporter-output>
        </test-method> <!-- test -->
      </class> <!-- web_test.test3.App -->
    </test> <!-- Test -->
  </suite> <!-- Suite -->
</testng-results>
