<?xml version="1.0" encoding="UTF-8"?>
<testng-results ignored="0" total="1" passed="1" failed="0" skipped="0">
  <reporter-output>
  </reporter-output>
  <suite started-at="2019-07-26T05:14:22Z" name="Suite" finished-at="2019-07-26T05:14:25Z" duration-ms="2949">
    <groups>
    </groups>
    <test started-at="2019-07-26T05:14:22Z" name="Test" finished-at="2019-07-26T05:14:25Z" duration-ms="2949">
      <class name="web_test.test3.App">
        <test-method signature="test()[pri:0, instance:web_test.test3.App@14ec4505]" started-at="2019-07-26T05:14:22Z" name="test" finished-at="2019-07-26T05:14:25Z" duration-ms="2928" status="PASS">
          <reporter-output>
          </reporter-output>
        </test-method> <!-- test -->
      </class> <!-- web_test.test3.App -->
    </test> <!-- Test -->
  </suite> <!-- Suite -->
</testng-results>
